<?xml version="1.0" encoding="utf-8"?><testsuites><testsuite name="pytest" errors="0" failures="0" skipped="0" tests="4" time="0.036" timestamp="2022-10-18T20:32:02.240818" hostname="LAPTOP-I0MC04RM"><testcase classname="tests.test_count_letters" name="test_count_letters[Multiple words that do and not end with r or s]" time="0.003" /><testcase classname="tests.test_count_letters" name="test_count_letters[single words that does not end with r]" time="0.001" /><testcase classname="tests.test_count_letters" name="test_count_letters[single words that does not end with s]" time="0.001" /><testcase classname="tests.test_count_letters" name="test_count_letters[last letter of the sentence is an r or s]" time="0.001" /></testsuite></testsuites>