<?xml version="1.0" encoding="utf-8"?><testsuites><testsuite name="pytest" errors="0" failures="0" skipped="0" tests="9" time="0.115" timestamp="2022-10-07T08:42:59.756706" hostname="LAPTOP-I0MC04RM"><testcase classname="tests.test_caesarshift" name="test_caesarshiftcipher_fixed[letter shifts right between a and z]" time="0.003" /><testcase classname="tests.test_caesarshift" name="test_caesarshiftcipher_fixed[letter shifts left between z and a]" time="0.002" /><testcase classname="tests.test_caesarshift" name="test_caesarshiftcipher_fixed[letter shifts right past z]" time="0.002" /><testcase classname="tests.test_caesarshift" name="test_caesarshiftcipher_fixed[letter shifts left past a]" time="0.002" /><testcase classname="tests.test_caesarshift" name="test_caesarshiftcipher_fixed[a out boundry]" time="0.001" /><testcase classname="tests.test_caesarshift" name="test_caesarshiftcipher_fixed[z out boundry]" time="0.002" /><testcase classname="tests.test_caesarshift" name="test_caesarshiftcipher_fixed[a in boundry]" time="0.002" /><testcase classname="tests.test_caesarshift" name="test_caesarshiftcipher_fixed[z in boundry]" time="0.001" /><testcase classname="tests.test_caesarshift" name="test_caesarshiftcipher_fixed[zero shift]" time="0.001" /></testsuite></testsuites>