<?xml version="1.0" encoding="utf-8"?><testsuites><testsuite name="pytest" errors="0" failures="0" skipped="0" tests="2" time="0.113" timestamp="2022-10-10T21:27:25.299148" hostname="LAPTOP-I0MC04RM"><testcase classname="tests.test_blackjack" name="test_play[Both left and right bust]" time="0.004" /><testcase classname="tests.test_blackjack" name="test_play[Left wins]" time="0.001" /></testsuite></testsuites>